OS is Windows
Executing with OpenMP
 inputfile:  P04.inp
 outputfile: P04_out.dat
ReadCellParams new
 ReadCellCycleParameters:
 ityp:            1
T_G1,T_S,T_G2,T_M, total:     5.53    7.69    4.98    0.50   18.70
 ityp:            2
T_G1,T_S,T_G2,T_M, total:     6.00    8.00    1.00    0.50   15.50
 Ndrugs_used:            0
 ReadProtocol
RADIATION                                                       
 nevents:            1
Finished reading input data
 Type 1 cells
 divide_time_median:    18.7000000000000        19.0000000000000     
 divide_time_shape:    1.10000000000000        1.10000000000000     
shape, sigma:   0.1100E+01  0.1100E+01  0.9531E-01  0.9531E-01
Median, mean divide time:   0.1870E+02  0.1900E+02  0.1879E+02  0.1909E+02
 Vdivide0:   1.599999954748910E-009  medium_volume0:   0.200000000000000     
 
GUI version: GUI2.2      
DLL version: DLL2.2      
 
 Opened P04_out.dat
nsteps, NT_CONC, DELTA_T:   1152     1  600.
NT_DISPLAY, DT_DISPLAY:      2 1200.
did ReadCellParams
 ncpu:            1
OPENMP defined
Requested Mnodes:  1
Machine processors:  8
Max threads available:  8
 Threads, max:            1           1
did omp_initialisation
 npar =            1        1234        5678
did deallocation
 Initial count, max_nlist:         4000      200000
did ArrayInitialisation
 SetupChemo
 ityp, Vdivide0, max_growthrate(ityp):            1  1.599999954748910E-009
  1.215316651944145E-014
 ityp, Vdivide0, max_growthrate(ityp):            2  1.599999954748910E-009
  1.195611227841874E-014
O2_maxrate, G_maxrate:    0.625E-10   0.130E-09
 did PlaceCells: Ncells:         4000
Startup procedures have been executed: initial T cell count:   4000
averages: V,dVdt,fg:    0.117E-08   0.121E-13
 
 GenerateSFlookup: ityp:            1
kcell, phase, DSB:    1   2   0.00   0.00   0.00   0.00   0.00   0.00
istep, hour:      0   0 Nlive:     4000 Nviable:     4000 NPsurvive:        0
kcell, phase, DSB:    1   2   0.00   0.00   0.00   0.00   0.00   0.00
kcell, phase, DSB:    1   2   0.00   0.00   0.00   0.00   0.00   0.00
kcell, phase, DSB:    1   2   0.00   0.00   0.00   0.00   0.00   0.00
kcell, phase, DSB:    1   2   0.00   0.00   0.00   0.00   0.00   0.00
kcell, phase, DSB:    1   2   0.00   0.00   0.00   0.00   0.00   0.00
kcell, phase, DSB:    1   2   0.00   0.00   0.00   0.00   0.00   0.00
istep, hour:      6   1 Nlive:     4210 Nviable:     4210 NPsurvive:        0
kcell, phase, DSB:    1   2   0.00   0.00   0.00   0.00   0.00   0.00
kcell, phase, DSB:    1   2   0.00   0.00   0.00   0.00   0.00   0.00
kcell, phase, DSB:    1   2   0.00   0.00   0.00   0.00   0.00   0.00
kcell, phase, DSB:    1   2   0.00   0.00   0.00   0.00   0.00   0.00
kcell, phase, DSB:    1   2   0.00   0.00   0.00   0.00   0.00   0.00
kcell, phase, DSB:    1   2   0.00   0.00   0.00   0.00   0.00   0.00
istep, hour:     12   2 Nlive:     4374 Nviable:     4374 NPsurvive:        0
kcell, phase, DSB:    1   2   0.00   0.00   0.00   0.00   0.00   0.00
kcell, phase, DSB:    1   2   0.00   0.00   0.00   0.00   0.00   0.00
kcell, phase, DSB:    1   2   0.00   0.00   0.00   0.00   0.00   0.00
kcell, phase, DSB:    1   2   0.00   0.00   0.00   0.00   0.00   0.00
kcell, phase, DSB:    1   2   0.00   0.00   0.00   0.00   0.00   0.00
kcell, phase, DSB:    1   2   0.00   0.00   0.00   0.00   0.00   0.00
istep, hour:     18   3 Nlive:     4530 Nviable:     4530 NPsurvive:        0
kcell, phase, DSB:    1   2   0.00   0.00   0.00   0.00   0.00   0.00
kcell, phase, DSB:    1   2   0.00   0.00   0.00   0.00   0.00   0.00
kcell, phase, DSB:    1   2   0.00   0.00   0.00   0.00   0.00   0.00
kcell, phase, DSB:    1   2   0.00   0.00   0.00   0.00   0.00   0.00
kcell, phase, DSB:    1   2   0.00   0.00   0.00   0.00   0.00   0.00
kcell, phase, DSB:    1   2   0.00   0.00   0.00   0.00   0.00   0.00
istep, hour:     24   4 Nlive:     4674 Nviable:     4674 NPsurvive:        0
kcell, phase, DSB:    1   2   0.00   0.00   0.00   0.00   0.00   0.00
kcell, phase, DSB:    1   2   0.00   0.00   0.00   0.00   0.00   0.00
kcell, phase, DSB:    1   2   0.00   0.00   0.00   0.00   0.00   0.00
kcell, phase, DSB:    1   2   0.00   0.00   0.00   0.00   0.00   0.00
kcell, phase, DSB:    1   2   0.00   0.00   0.00   0.00   0.00   0.00
kcell, phase, DSB:    1   2   0.00   0.00   0.00   0.00   0.00   0.00
istep, hour:     30   5 Nlive:     4836 Nviable:     4836 NPsurvive:        0
kcell, phase, DSB:    1   3   0.00   0.00   0.00   0.00   0.00   0.00
kcell, phase, DSB:    1   3   0.00   0.00   0.00   0.00   0.00   0.00
kcell, phase, DSB:    1   3   0.00   0.00   0.00   0.00   0.00   0.00
kcell, phase, DSB:    1   3   0.00   0.00   0.00   0.00   0.00   0.00
kcell, phase, DSB:    1   3   0.00   0.00   0.00   0.00   0.00   0.00
kcell, phase, DSB:    1   3   0.00   0.00   0.00   0.00   0.00   0.00
Event:   2  21600.  21600.  0    0.0000    0.0000
RADIATION_EVENT: time, dose:   21600.   8.000
Radiation dose:    8.0
 Irradiation: Nirradiated:         5023
IR: phase,tnow,f:    3   6.000   1.000
istep, hour:     36   6 Nlive:     4659 Nviable:     4659 NPsurvive:        0
kcell, phase, DSB:    1   3   0.00   0.00 173.60 386.40   0.00   0.00
kcell, phase, DSB:    1   3   0.00   0.00 122.72 369.99   0.00   0.00
kcell, phase, DSB:    1   3   0.00   0.00  86.75 354.27   0.00   0.00
kcell, phase, DSB:    1   3   0.00   0.00  61.33 339.23   0.00   0.00
kcell, phase, DSB:    1   3   0.00   0.00  43.35 324.82   0.00   0.00
kcell, phase, DSB:    1   3   0.00   0.00  30.65 311.02   0.00   0.00
istep, hour:     42   7 Nlive:     4836 Nviable:     4836 NPsurvive:      177
kcell, phase, DSB:    1   3   0.00   0.00  21.67 297.82   0.00   0.00
kcell, phase, DSB:    1   3   0.00   0.00  15.32 285.17   0.00   0.00
kcell, phase, DSB:    1   3   0.00   0.00  10.83 273.05   0.00   0.00
kcell, phase, DSB:    1   3   0.00   0.00   7.65 261.46   0.00   0.00
kcell, phase, DSB:    1   3   0.00   0.00   5.41 250.35   0.00   0.00
kcell, phase, DSB:    1   3   0.00   0.00   3.83 239.72   0.00   0.00
istep, hour:     48   8 Nlive:     5036 Nviable:     5036 NPsurvive:      377
kcell, phase, DSB:    1   3   0.00   0.00   2.70 229.54   0.00   0.00
kcell, phase, DSB:    1   3   0.00   0.00   1.91 219.79   0.00   0.00
kcell, phase, DSB:    1   3   0.00   0.00   1.35 210.46   0.00   0.00
kcell, phase, DSB:    1   3   0.00   0.00   0.96 201.52   0.00   0.00
kcell, phase, DSB:    1   3   0.00   0.00   0.68 192.96   0.00   0.00
kcell, phase, DSB:    1   3   0.00   0.00   0.48 184.76   0.00   0.00
istep, hour:     54   9 Nlive:     5232 Nviable:     5232 NPsurvive:      573
kcell, phase, DSB:    1   3   0.00   0.00   0.34 176.92   0.00   0.00
kcell, phase, DSB:    1   3   0.00   0.00   0.24 169.40   0.00   0.00
kcell, phase, DSB:    1   3   0.00   0.00   0.17 162.21   0.00   0.00
kcell, phase, DSB:    1   3   0.00   0.00   0.12 155.32   0.00   0.00
kcell, phase, DSB:    1   3   0.00   0.00   0.08 148.72   0.00   0.00
kcell, phase, DSB:    1   3   0.00   0.00   0.06 142.40   0.00   0.00
istep, hour:     60  10 Nlive:     5448 Nviable:     5448 NPsurvive:      789
kcell, phase, DSB:    1   5   0.00   0.00   0.04 136.36   0.00   0.00
kcell, phase, DSB:    1   5   0.00   0.00   0.03 130.57   0.00   0.00
kcell, phase, DSB:    1   5   0.00   0.00   0.02 125.02   0.00   0.00
kcell, phase, totDSB, Nlethal:    1   5   0.120E+03   0.299E+01
kcell, phase, DSB:    1   1   0.00   0.00   0.01 119.71   0.00   0.00
kcell, phase, DSB:    1   1   0.00   0.00   0.01 114.63   0.00   0.00
kcell, phase, DSB:    1   1   0.00   0.00   0.01 109.76   0.00   0.00
istep, hour:     66  11 Nlive:     5684 Nviable:     5684 NPsurvive:     1025
kcell, phase, DSB:    1   1   0.00   0.00   0.01 105.10   0.00   0.00
kcell, phase, DSB:    1   1   0.00   0.00   0.00 100.63   0.00   0.00
kcell, phase, DSB:    1   1   0.00   0.00   0.00  96.36   0.00   0.00
kcell, phase, DSB:    1   1   0.00   0.00   0.00  92.27   0.00   0.00
kcell, phase, DSB:    1   1   0.00   0.00   0.00  88.35   0.00   0.00
kcell, phase, DSB:    1   1   0.00   0.00   0.00  84.59   0.00   0.00
istep, hour:     72  12 Nlive:     5931 Nviable:     5931 NPsurvive:     1272
kcell, phase, DSB:    1   1   0.00   0.00   0.00  81.00   0.00   0.00
kcell, phase, DSB:    1   1   0.00   0.00   0.00  77.56   0.00   0.00
kcell, phase, DSB:    1   1   0.00   0.00   0.00  74.27   0.00   0.00
kcell, phase, DSB:    1   1   0.00   0.00   0.00  71.11   0.00   0.00
kcell, phase, DSB:    1   1   0.00   0.00   0.00  68.09   0.00   0.00
kcell, phase, DSB:    1   1   0.00   0.00   0.00  65.20   0.00   0.00
istep, hour:     78  13 Nlive:     6154 Nviable:     6154 NPsurvive:     1495
kcell, phase, DSB:    1   1   0.00   0.00   0.00  62.43   0.00   0.00
kcell, phase, DSB:    1   1   0.00   0.00   0.00  59.78   0.00   0.00
kcell, phase, DSB:    1   1   0.00   0.00   0.00  57.24   0.00   0.00
kcell, phase, DSB:    1   1   0.00   0.00   0.00  54.81   0.00   0.00
kcell, phase, DSB:    1   1   0.00   0.00   0.00  52.48   0.00   0.00
kcell, phase, DSB:    1   1   0.00   0.00   0.00  50.25   0.00   0.00
istep, hour:     84  14 Nlive:     6386 Nviable:     6386 NPsurvive:     1727
kcell, phase, DSB:    1   1   0.00   0.00   0.00  48.12   0.00   0.00
kcell, phase, DSB:    1   1   0.00   0.00   0.00  46.08   0.00   0.00
kcell, phase, DSB:    1   1   0.00   0.00   0.00  44.12   0.00   0.00
kcell, phase, DSB:    1   1   0.00   0.00   0.00  42.24   0.00   0.00
kcell, phase, DSB:    1   1   0.00   0.00   0.00  40.45   0.00   0.00
kcell, phase, DSB:    1   1   0.00   0.00   0.00  38.73   0.00   0.00
istep, hour:     90  15 Nlive:     6653 Nviable:     6653 NPsurvive:     1994
kcell, phase, DSB:    1   1   0.00   0.00   0.00  37.09   0.00   0.00
kcell, phase, DSB:    1   2   0.00   0.00   0.00  35.51   0.00   0.00
kcell, phase, DSB:    1   2   0.00   0.00   0.00  34.00   0.00   0.00
kcell, phase, DSB:    1   2   0.00   0.00   0.00  32.56   0.00   0.00
kcell, phase, DSB:    1   2   0.00   0.00   0.00  31.18   0.00   0.00
kcell, phase, DSB:    1   2   0.00   0.00   0.00  29.85   0.00   0.00
istep, hour:     96  16 Nlive:     6887 Nviable:     6887 NPsurvive:     2228
kcell, phase, DSB:    1   2   0.00   0.00   0.00  28.58   0.00   0.00
kcell, phase, DSB:    1   2   0.00   0.00   0.00  27.37   0.00   0.00
kcell, phase, DSB:    1   2   0.00   0.00   0.00  26.21   0.00   0.00
kcell, phase, DSB:    1   2   0.00   0.00   0.00  25.10   0.00   0.00
kcell, phase, DSB:    1   2   0.00   0.00   0.00  24.03   0.00   0.00
kcell, phase, DSB:    1   2   0.00   0.00   0.00  23.01   0.00   0.00
istep, hour:    102  17 Nlive:     7159 Nviable:     7159 NPsurvive:     2500
kcell, phase, DSB:    1   2   0.00   0.00   0.00  22.03   0.00   0.00
kcell, phase, DSB:    1   2   0.00   0.00   0.00  21.10   0.00   0.00
kcell, phase, DSB:    1   2   0.00   0.00   0.00  20.20   0.00   0.00
kcell, phase, DSB:    1   2   0.00   0.00   0.00  19.34   0.00   0.00
kcell, phase, DSB:    1   2   0.00   0.00   0.00  18.52   0.00   0.00
kcell, phase, DSB:    1   2   0.00   0.00   0.00  17.73   0.00   0.00
istep, hour:    108  18 Nlive:     7430 Nviable:     7430 NPsurvive:     2771
kcell, phase, DSB:    1   2   0.00   0.00   0.00  16.98   0.00   0.00
kcell, phase, DSB:    1   2   0.00   0.00   0.00  16.26   0.00   0.00
kcell, phase, DSB:    1   2   0.00   0.00   0.00  15.57   0.00   0.00
kcell, phase, DSB:    1   2   0.00   0.00   0.00  14.91   0.00   0.00
kcell, phase, DSB:    1   2   0.00   0.00   0.00  14.27   0.00   0.00
kcell, phase, DSB:    1   2   0.00   0.00   0.00  13.67   0.00   0.00
istep, hour:    114  19 Nlive:     7731 Nviable:     7731 NPsurvive:     3072
kcell, phase, DSB:    1   2   0.00   0.00   0.00  13.09   0.00   0.00
kcell, phase, DSB:    1   2   0.00   0.00   0.00  12.53   0.00   0.00
kcell, phase, DSB:    1   2   0.00   0.00   0.00  12.00   0.00   0.00
kcell, phase, DSB:    1   2   0.00   0.00   0.00  11.49   0.00   0.00
kcell, phase, DSB:    1   2   0.00   0.00   0.00  11.00   0.00   0.00
kcell, phase, DSB:    1   2   0.00   0.00   0.00  10.53   0.00   0.00
istep, hour:    120  20 Nlive:     7994 Nviable:     7994 NPsurvive:     3334
kcell, phase, DSB:    1   2   0.00   0.00   0.00  10.09   0.00   0.00
kcell, phase, DSB:    1   2   0.00   0.00   0.00   9.66   0.00   0.00
kcell, phase, DSB:    1   2   0.00   0.00   0.00   9.25   0.00   0.00
kcell, phase, DSB:    1   2   0.00   0.00   0.00   8.86   0.00   0.00
kcell, phase, DSB:    1   2   0.00   0.00   0.00   8.48   0.00   0.00
kcell, phase, DSB:    1   2   0.00   0.00   0.00   8.12   0.00   0.00
istep, hour:    126  21 Nlive:     8236 Nviable:     8236 NPsurvive:     3576
kcell, phase, DSB:    1   2   0.00   0.00   0.00   7.77   0.00   0.00
kcell, phase, DSB:    1   2   0.00   0.00   0.00   7.44   0.00   0.00
kcell, phase, DSB:    1   2   0.00   0.00   0.00   7.13   0.00   0.00
kcell, phase, DSB:    1   2   0.00   0.00   0.00   6.83   0.00   0.00
kcell, phase, DSB:    1   2   0.00   0.00   0.00   6.54   0.00   0.00
kcell, phase, DSB:    1   2   0.00   0.00   0.00   6.26   0.00   0.00
istep, hour:    132  22 Nlive:     8481 Nviable:     8481 NPsurvive:     3814
kcell, phase, DSB:    1   2   0.00   0.00   0.00   5.99   0.00   0.00
kcell, phase, DSB:    1   2   0.00   0.00   0.00   5.74   0.00   0.00
kcell, phase, DSB:    1   2   0.00   0.00   0.00   5.49   0.00   0.00
kcell, phase, DSB:    1   2   0.00   0.00   0.00   5.26   0.00   0.00
kcell, phase, DSB:    1   2   0.00   0.00   0.00   5.04   0.00   0.00
kcell, phase, DSB:    1   2   0.00   0.00   0.00   4.82   0.00   0.00
istep, hour:    138  23 Nlive:     8752 Nviable:     8752 NPsurvive:     4051
kcell, phase, DSB:    1   3   0.00   0.00   0.00   4.62   0.00   0.00
kcell, phase, DSB:    1   3   0.00   0.00   0.00   4.42   0.00   0.00
kcell, phase, DSB:    1   3   0.00   0.00   0.00   4.23   0.00   0.00
kcell, phase, DSB:    1   3   0.00   0.00   0.00   4.05   0.00   0.00
kcell, phase, DSB:    1   3   0.00   0.00   0.00   3.88   0.00   0.00
kcell, phase, DSB:    1   3   0.00   0.00   0.00   3.72   0.00   0.00
istep, hour:    144  24 Nlive:     9027 Nviable:     9027 NPsurvive:     4271
kcell, phase, DSB:    1   3   0.00   0.00   0.00   3.56   0.00   0.00
kcell, phase, DSB:    1   3   0.00   0.00   0.00   3.41   0.00   0.00
kcell, phase, DSB:    1   3   0.00   0.00   0.00   3.26   0.00   0.00
kcell, phase, DSB:    1   3   0.00   0.00   0.00   3.13   0.00   0.00
kcell, phase, DSB:    1   3   0.00   0.00   0.00   2.99   0.00   0.00
kcell, phase, DSB:    1   3   0.00   0.00   0.00   2.87   0.00   0.00
istep, hour:    150  25 Nlive:     9376 Nviable:     9376 NPsurvive:     4448
kcell, phase, DSB:    1   3   0.00   0.00   0.00   2.74   0.00   0.00
kcell, phase, DSB:    1   3   0.00   0.00   0.00   2.63   0.00   0.00
kcell, phase, DSB:    1   3   0.00   0.00   0.00   2.52   0.00   0.00
kcell, phase, DSB:    1   3   0.00   0.00   0.00   2.41   0.00   0.00
kcell, phase, DSB:    1   3   0.00   0.00   0.00   2.31   0.00   0.00
kcell, phase, DSB:    1   3   0.00   0.00   0.00   2.21   0.00   0.00
istep, hour:    156  26 Nlive:     9706 Nviable:     9706 NPsurvive:     4553
kcell, phase, DSB:    1   3   0.00   0.00   0.00   2.11   0.00   0.00
kcell, phase, DSB:    1   3   0.00   0.00   0.00   2.02   0.00   0.00
kcell, phase, DSB:    1   3   0.00   0.00   0.00   1.94   0.00   0.00
kcell, phase, DSB:    1   3   0.00   0.00   0.00   1.86   0.00   0.00
kcell, phase, DSB:    1   3   0.00   0.00   0.00   1.78   0.00   0.00
kcell, phase, DSB:    1   3   0.00   0.00   0.00   1.70   0.00   0.00
istep, hour:    162  27 Nlive:    10042 Nviable:    10042 NPsurvive:     4613
kcell, phase, DSB:    1   3   0.00   0.00   0.00   1.63   0.00   0.00
kcell, phase, DSB:    1   5   0.00   0.00   0.00   1.56   0.00   0.00
kcell, phase, DSB:    1   5   0.00   0.00   0.00   1.49   0.00   0.00
kcell, phase, DSB:    1   5   0.00   0.00   0.00   1.43   0.00   0.00
kcell, phase, DSB:    1   1   0.00   0.00   0.00   1.37   0.00   0.00
kcell, phase, DSB:    1   1   0.00   0.00   0.00   1.31   0.00   0.00
istep, hour:    168  28 Nlive:    10468 Nviable:    10468 NPsurvive:     4643
kcell, phase, DSB:    1   1   0.00   0.00   0.00   1.26   0.00   0.00
kcell, phase, DSB:    1   1   0.00   0.00   0.00   1.20   0.00   0.00
kcell, phase, DSB:    1   1   0.00   0.00   0.00   1.15   0.00   0.00
kcell, phase, DSB:    1   1   0.00   0.00   0.00   1.10   0.00   0.00
kcell, phase, DSB:    1   1   0.00   0.00   0.00   1.06   0.00   0.00
kcell, phase, DSB:    1   1   0.00   0.00   0.00   1.01   0.00   0.00
istep, hour:    174  29 Nlive:    10883 Nviable:    10883 NPsurvive:     4652
kcell, phase, DSB:    1   1   0.00   0.00   0.00   0.97   0.00   0.00
kcell, phase, DSB:    1   1   0.00   0.00   0.00   0.93   0.00   0.00
kcell, phase, DSB:    1   1   0.00   0.00   0.00   0.89   0.00   0.00
kcell, phase, DSB:    1   1   0.00   0.00   0.00   0.85   0.00   0.00
kcell, phase, DSB:    1   1   0.00   0.00   0.00   0.81   0.00   0.00
kcell, phase, DSB:    1   1   0.00   0.00   0.00   0.78   0.00   0.00
istep, hour:    180  30 Nlive:    11333 Nviable:    11333 NPsurvive:     4658
kcell, phase, DSB:    1   1   0.00   0.00   0.00   0.75   0.00   0.00
kcell, phase, DSB:    1   1   0.00   0.00   0.00   0.71   0.00   0.00
kcell, phase, DSB:    1   1   0.00   0.00   0.00   0.68   0.00   0.00
kcell, phase, DSB:    1   1   0.00   0.00   0.00   0.66   0.00   0.00
kcell, phase, DSB:    1   1   0.00   0.00   0.00   0.63   0.00   0.00
 NPsurvive = Nirradiated - Napop:         4659        5023         364
SFave,log10(SFave):    0.360E-02 -2.4433
phase_dist:         3.1  37.4  35.8  23.7
nphase:
  0    1408    1673     809       0     110       0       0       0
  1    1599    1715     817       0      79       0       0       0
  2    1656    1805     839       0      74       0       0       0
  3    1703    1836     916       0      75       0       0       0
  4    1732    1903     975       0      64       0       0       0
  5    1767    1971    1009       0      89       0       0       0
  6    1887    1994    1038       0     104       0       0       0
  7    1958    2025    1125       0      92       0       0       0
  8    2087    2089    1123       0     101       0       0       0
  9    2240    2089    1161       0     106       0       0       0
 10    2430    2054    1206       0     122       0       0       0
 11    2589    2114    1215       0     130       0       0       0
 12    2754    2167    1264       0     110       0       0       0
 13    2866    2226    1321       0     105       0       0       0
 14    2910    2383    1325       0     132       0       0       0
 15    3058    2488    1355       0     116       0       0       0
 16    3086    2660    1365       0     140       0       0       0
 17    3129    2927    1329       0     138       0       0       0
 18    3213    3140    1302       0     139       0       0       0
 19    3371    3257    1342       0     125       0       0       0
 20    3385    3440    1429       0     104       0       0       0
 21    3370    3597    1507       0     126       0       0       0
 22    3319    3712    1689       0     125       0       0       0
 23    3346    3835    1784       0     151       0       0       0
 24    3356    3939    1916       0     180       0       0       0
 25    3523    3965    2097       0     155       0       0       0
 26    3640    4031    2251       0     148       0       0       0
 27    3782    4121    2272       0     231       0       0       0
 28    4157    4091    2371       0     213       0       0       0
 29    4440    4133    2451       0     223       0       0       0
 30    4739    4190    2512       0     256       0       0       0
 31       0       0       0       0       0       0       0       0
terminate_run
doing wrapup ...
deallocated all arrays
closed files
freed par_zig
Execution time (min):       0.01
