OS is Windows
Executing with OpenMP
 inputfile:  M04.inp
 outputfile: M04_out.dat
ReadCellParams new
 ReadCellCycleParameters:
 ityp:            1
T_G1,T_S,T_G2,T_M, total:     5.53    7.69    4.98    0.50   18.70
 ityp:            2
T_G1,T_S,T_G2,T_M, total:     6.00    8.00    1.00    0.50   15.50
 Ndrugs_used:            0
 ReadProtocol
RADIATION                                                       
 nevents:            1
Finished reading input data
 Type 1 cells
 divide_time_median:    18.7000000000000        19.0000000000000     
 divide_time_shape:    1.10000000000000        1.10000000000000     
shape, sigma:   0.1100E+01  0.1100E+01  0.9531E-01  0.9531E-01
Median, mean divide time:   0.1870E+02  0.1900E+02  0.1879E+02  0.1909E+02
 Vdivide0:   1.599999954748910E-009  medium_volume0:   0.200000000000000     
 
GUI version: GUI2.2      
DLL version: DLL2.2      
 
 Opened M04_out.dat
nsteps, NT_CONC, DELTA_T:   1152     1  600.
NT_DISPLAY, DT_DISPLAY:      2 1200.
did ReadCellParams
 ncpu:            1
OPENMP defined
Requested Mnodes:  1
Machine processors:  8
Max threads available:  8
 Threads, max:            1           1
did omp_initialisation
 npar =            1        1234        5678
did deallocation
 Initial count, max_nlist:         1000      200000
did ArrayInitialisation
 SetupChemo
 ityp, Vdivide0, max_growthrate(ityp):            1  1.599999954748910E-009
  1.215316651944145E-014
 ityp, Vdivide0, max_growthrate(ityp):            2  1.599999954748910E-009
  1.195611227841874E-014
O2_maxrate, G_maxrate:    0.625E-10   0.130E-09
 did PlaceCells: Ncells:         1000
Startup procedures have been executed: initial T cell count:   1000
averages: V,dVdt,fg:    0.114E-08   0.122E-13   0.100E+01
 
 GenerateSFlookup: ityp:            1
istep, hour:      0   0 Nlive:     1000 Nviable:     1000 NPsurvive:        0
istep, hour:      6   1 Nlive:     1038 Nviable:     1038 NPsurvive:        0
istep, hour:     12   2 Nlive:     1077 Nviable:     1077 NPsurvive:        0
istep, hour:     18   3 Nlive:     1110 Nviable:     1110 NPsurvive:        0
istep, hour:     24   4 Nlive:     1152 Nviable:     1152 NPsurvive:        0
istep, hour:     30   5 Nlive:     1199 Nviable:     1199 NPsurvive:        0
Event:   2  21600.  21600.  0    0.0000    0.0000
RADIATION_EVENT: time, dose:   21600.   8.000
Radiation dose:    8.0
 Irradiation: Nirradiated:         1236
istep, hour:     36   6 Nlive:      946 Nviable:      946 NPsurvive:        0
istep, hour:     42   7 Nlive:      982 Nviable:      982 NPsurvive:       36
istep, hour:     48   8 Nlive:      982 Nviable:      982 NPsurvive:       36
istep, hour:     54   9 Nlive:     1004 Nviable:     1004 NPsurvive:       58
istep, hour:     60  10 Nlive:     1054 Nviable:     1054 NPsurvive:      108
istep, hour:     66  11 Nlive:     1105 Nviable:     1105 NPsurvive:      159
istep, hour:     72  12 Nlive:     1167 Nviable:     1167 NPsurvive:      221
istep, hour:     78  13 Nlive:     1220 Nviable:     1220 NPsurvive:      274
istep, hour:     84  14 Nlive:     1259 Nviable:     1259 NPsurvive:      313
istep, hour:     90  15 Nlive:     1299 Nviable:     1299 NPsurvive:      353
istep, hour:     96  16 Nlive:     1367 Nviable:     1367 NPsurvive:      421
istep, hour:    102  17 Nlive:     1427 Nviable:     1427 NPsurvive:      481
istep, hour:    108  18 Nlive:     1487 Nviable:     1487 NPsurvive:      541
istep, hour:    114  19 Nlive:     1556 Nviable:     1556 NPsurvive:      610
istep, hour:    120  20 Nlive:     1616 Nviable:     1616 NPsurvive:      670
istep, hour:    126  21 Nlive:     1688 Nviable:     1688 NPsurvive:      742
istep, hour:    132  22 Nlive:     1726 Nviable:     1726 NPsurvive:      780
istep, hour:    138  23 Nlive:     1760 Nviable:     1760 NPsurvive:      814
istep, hour:    144  24 Nlive:     1791 Nviable:     1791 NPsurvive:      845
istep, hour:    150  25 Nlive:     1840 Nviable:     1840 NPsurvive:      889
istep, hour:    156  26 Nlive:     1867 Nviable:     1867 NPsurvive:      909
istep, hour:    162  27 Nlive:     1894 Nviable:     1894 NPsurvive:      918
istep, hour:    168  28 Nlive:     1930 Nviable:     1930 NPsurvive:      936
istep, hour:    174  29 Nlive:     1978 Nviable:     1978 NPsurvive:      944
istep, hour:    180  30 Nlive:     2027 Nviable:     2027 NPsurvive:      946
 NPsurvive = Nirradiated - Napop:          946        1236         290
SFave,log10(SFave):    0.361E-02 -2.4424
phase_dist:        12.5  19.0  40.6  27.9
nphase:
  0     343       0     430       0     210       0       0      17
  1     360       0     453       0     205       0       0      20
  2     383       0     453       0     223       0       0      18
  3     394       0     450       0     247       0       0      19
  4     413       0     465       0     258       0       0      16
  5     437       0     469       0     273       0       0      20
  6     450       0     481       0     281       0       0      24
  7     501       0     429      65     240      37       0       0
  8     469       0     393      68     239      87       0      16
  9     489       0     372      45     261     105       0      22
 10     559       0     342      60     242     110       0      31
 11     633       0     307      63     253     113       0      26
 12     705       0     296      63     287      78       0      28
 13     770       0     280      57     297      82       0      24
 14     817       0     263      48     292     115       0      14
 15     847       0     288      25     291     103       0      35
 16     888       0     353      30     259     104       0      23
 17     892       0     439      30     227      98       0      31
 18     894       0     520      37     197      98       0      31
 19     935       0     584      33     177      88       0      29
 20     984       0     620      35     167      61       0      39
 21    1016       0     698      34     169      42       0      19
 22     978       0     756      56     179      28       0      19
 23     922       0     829      51     200      36       0      12
 24     858       0     843     112     203      50       0      15
 25     820       0     892      87     289      25       0      17
 26     736       0     907     123     349      27       0      15
 27     687       0     910     100     424      50       0      13
 28     678       0     895      96     482      47       0      22
 29     704       0     869      96     501      74       0      24
 30     730       0     821     120     506      90       0      50
terminate_run
doing wrapup ...
deallocated all arrays
closed files
freed par_zig
Execution time (min):       0.00
