OS is Windows
Executing with OpenMP
 inputfile:  M04.inp
 outputfile: M04_out.dat
ReadCellParams new
 ReadCellCycleParameters:
 ityp:            1
T_G1,T_S,T_G2,T_M, total:     5.03    7.69    5.48    0.50   18.70
 ityp:            2
T_G1,T_S,T_G2,T_M, total:     6.00    8.00    1.00    0.50   15.50
 Ndrugs_used:            0
 ReadProtocol
RADIATION                                                       
 nevents:            1
Finished reading input data
 Type 1 cells
 divide_time_median:    18.7000000000000        19.0000000000000     
 divide_time_shape:    1.10000000000000        1.10000000000000     
shape, sigma:   0.1100E+01  0.1100E+01  0.9531E-01  0.9531E-01
Median, mean divide time:   0.1870E+02  0.1900E+02  0.1879E+02  0.1909E+02
 Vdivide0:   1.599999954748910E-009  medium_volume0:   0.200000000000000     
 
GUI version: GUI2.2      
DLL version: DLL2.2      
 
 Opened M04_out.dat
nsteps, NT_CONC, DELTA_T:   1152     1  600.
NT_DISPLAY, DT_DISPLAY:      2 1200.
did ReadCellParams
 ncpu:            1
OPENMP defined
Requested Mnodes:  1
Machine processors:  8
Max threads available:  8
 Threads, max:            1           1
did omp_initialisation
 npar =            1        1234        5678
did deallocation
 Initial count, max_nlist:         1000      200000
did ArrayInitialisation
 SetupChemo
 ityp, Vdivide0, max_growthrate(ityp):            1  1.599999954748910E-009
  1.215316651944145E-014
 ityp, Vdivide0, max_growthrate(ityp):            2  1.599999954748910E-009
  1.195611227841874E-014
O2_maxrate, G_maxrate:    0.625E-10   0.130E-09
 did PlaceCells: Ncells:         1000
Startup procedures have been executed: initial T cell count:   1000
averages: V,dVdt,fg:    0.114E-08   0.122E-13   0.100E+01
 
 GenerateSFlookup: ityp:            1
istep, hour:      0   0 Nlive:     1000 Nviable:     1000 NPsurvive:        0
istep, hour:      6   1 Nlive:     1038 Nviable:     1038 NPsurvive:        0
istep, hour:     12   2 Nlive:     1077 Nviable:     1077 NPsurvive:        0
istep, hour:     18   3 Nlive:     1110 Nviable:     1110 NPsurvive:        0
istep, hour:     24   4 Nlive:     1152 Nviable:     1152 NPsurvive:        0
istep, hour:     30   5 Nlive:     1199 Nviable:     1199 NPsurvive:        0
Event:   2  21600.  21600.  0    0.0000    0.0000
RADIATION_EVENT: time, dose:   21600.   8.000
Radiation dose:    8.0
 Irradiation: Nirradiated:         1237
istep, hour:     36   6 Nlive:      850 Nviable:      850 NPsurvive:        0
istep, hour:     42   7 Nlive:      884 Nviable:      884 NPsurvive:       34
istep, hour:     48   8 Nlive:      884 Nviable:      884 NPsurvive:       34
istep, hour:     54   9 Nlive:      916 Nviable:      916 NPsurvive:       66
istep, hour:     60  10 Nlive:      955 Nviable:      955 NPsurvive:      105
istep, hour:     66  11 Nlive:     1009 Nviable:     1009 NPsurvive:      159
istep, hour:     72  12 Nlive:     1070 Nviable:     1070 NPsurvive:      220
istep, hour:     78  13 Nlive:     1124 Nviable:     1124 NPsurvive:      274
istep, hour:     84  14 Nlive:     1178 Nviable:     1178 NPsurvive:      328
istep, hour:     90  15 Nlive:     1220 Nviable:     1220 NPsurvive:      370
istep, hour:     96  16 Nlive:     1270 Nviable:     1270 NPsurvive:      420
istep, hour:    102  17 Nlive:     1330 Nviable:     1330 NPsurvive:      480
istep, hour:    108  18 Nlive:     1389 Nviable:     1389 NPsurvive:      539
istep, hour:    114  19 Nlive:     1458 Nviable:     1458 NPsurvive:      608
istep, hour:    120  20 Nlive:     1520 Nviable:     1520 NPsurvive:      670
istep, hour:    126  21 Nlive:     1593 Nviable:     1593 NPsurvive:      743
istep, hour:    132  22 Nlive:     1642 Nviable:     1642 NPsurvive:      792
istep, hour:    138  23 Nlive:     1673 Nviable:     1673 NPsurvive:      823
istep, hour:    144  24 Nlive:     1683 Nviable:     1683 NPsurvive:      833
istep, hour:    150  25 Nlive:     1692 Nviable:     1692 NPsurvive:      841
istep, hour:    156  26 Nlive:     1710 Nviable:     1710 NPsurvive:      845
istep, hour:    162  27 Nlive:     1728 Nviable:     1728 NPsurvive:      848
istep, hour:    168  28 Nlive:     1750 Nviable:     1750 NPsurvive:      849
istep, hour:    174  29 Nlive:     1786 Nviable:     1786 NPsurvive:      849
 NPsurvive = Nirradiated - Napop:          850        1237         387
SFave,log10(SFave):    0.377E-02 -2.4233
phase_dist:        17.8   9.5  42.0  30.6
nphase:
  0     319       0     436       0     228       0       0      17
  1     333       0     455       0     230       0       0      20
  2     358       0     443       0     258       0       0      18
  3     360       0     460       0     271       0       0      19
  4     377       0     465       0     294       0       0      16
  5     407       0     476       0     297       0       0      19
  6     412       0     489       0     312       0       0      24
  7     471       0     420      64     278      38       0       0
  8     466       0     374      51     277      90       0      13
  9     525       0     321      58     280     105       0      14
 10     599       0     273      52     275     111       0      32
 11     695       0     224      61     270     120       0      26
 12     782       0     182      77     291      97       0      28
 13     859       0     158      55     327      81       0      31
 14     924       0     152      49     329      92       0      19
 15     932       0     213      15     328      94       0      25
 16     930       0     307       8     283     105       0      24
 17     930       0     423       4     232      94       0      34
 18     928       0     529      14     174      99       0      32
 19     962       0     616      17     128      94       0      28
 20     997       0     680      25      90      79       0      36
 21    1044       0     747      32      81      48       0      28
 22    1033       0     801      55     101      19       0      20
 23     970       0     840      86     150       8       0       6
 24     852       0     881      97     219      18       0       3
 25     745       0     886     120     301      16       0      11
 26     649       0     911     107     398      25       0       7
 27     577       0     909     110     479      27       0      13
 28     549       0     886      95     546      44       0      17
 29     594       0     813     100     570      69       0      27
terminate_run
doing wrapup ...
deallocated all arrays
closed files
freed par_zig
Execution time (min):       0.00
