DSB:      0.0     0.0     0.0     0.0     0.0     0.0
DSB:      0.0     0.0     0.0     0.0     0.0     0.0
DSB:      0.0     0.0     0.0     0.0     0.0     0.0
DSB:      0.0     0.0     0.0     0.0     0.0     0.0
DSB:      0.0     0.0     0.0     0.0     0.0     0.0
DSB:      0.0     0.0     0.0     0.0     0.0     0.0
DSB:    121.8    88.2     0.0     0.0   210.0     0.0
DSB:      0.0     0.0     0.0     0.0     0.0     0.6
DSB:      0.0     0.0     0.0     0.0     0.0     1.0
DSB:      0.0     0.0     0.0     0.0     0.0     1.1
DSB:      0.0     0.0     0.0     0.0     0.0     1.2
DSB:      0.0     0.0     0.0     0.0     0.0     1.3
DSB:      0.0     0.0     0.0     0.0     0.0     1.4
DSB:      0.0     0.0     0.0     0.0     0.0     1.5
DSB:      0.0     0.0     0.0     0.0     0.0     1.5
DSB:      0.0     0.0     0.0     0.0     0.0     1.6
DSB:      0.0     0.0     0.0     0.0     0.0     2.1
DSB:      0.0     0.0     0.0     0.0     0.0     2.1
DSB:      0.0     0.0     0.0     0.0     0.0     2.4
DSB:      0.0     0.0     0.0     0.0     0.0     2.5
DSB:      0.0     0.0     0.0     0.0     0.0     2.5
DSB:      0.0     0.0     0.0     0.0     0.0     2.5
DSB:      0.0     0.0     0.0     0.0     0.0     2.5
DSB:      0.0     0.0     0.0     0.0     0.0     1.1
DSB:      0.0     0.0     0.0     0.0     0.0     0.0
DSB:      0.0     0.0     0.0     0.0     0.0     1.1
DSB:      0.0     0.0     0.0     0.0     0.0     0.7
DSB:      0.0     0.0     0.0     0.0     0.0     1.3
DSB:      0.0     0.0     0.0     0.0     0.0     1.1
DSB:      0.0     0.0     0.0     0.0     0.0     1.4
DSB:      0.0     0.0     0.0     0.0     0.0     1.7
