OS is Windows
Executing with OpenMP
 inputfile:  P03.inp
 outputfile: P03_out.dat
ReadCellParams new
 ReadCellCycleParameters:
 ityp:            1
T_G1,T_S,T_G2,T_M, total:     5.53    7.69    4.98    0.50   18.70
 ityp:            2
T_G1,T_S,T_G2,T_M, total:     6.00    8.00    1.00    0.50   15.50
 Ndrugs_used:            0
 ReadProtocol
RADIATION                                                       
 nevents:            1
Finished reading input data
 Type 1 cells
 divide_time_median:    18.7000000000000        19.0000000000000     
 divide_time_shape:    1.10000000000000        1.10000000000000     
shape, sigma:   0.1100E+01  0.1100E+01  0.9531E-01  0.9531E-01
Median, mean divide time:   0.1870E+02  0.1900E+02  0.1879E+02  0.1909E+02
 Vdivide0:   1.599999954748910E-009  medium_volume0:   0.200000000000000     
 
GUI version: GUI2.2      
DLL version: DLL2.2      
 
 Opened P03_out.dat
nsteps, NT_CONC, DELTA_T:   1152     1  600.
NT_DISPLAY, DT_DISPLAY:      2 1200.
did ReadCellParams
 ncpu:            1
OPENMP defined
Requested Mnodes:  1
Machine processors:  8
Max threads available:  8
 Threads, max:            1           1
did omp_initialisation
 npar =            1        1234        5678
did deallocation
 Initial count, max_nlist:         1000      200000
did ArrayInitialisation
 SetupChemo
 ityp, Vdivide0, max_growthrate(ityp):            1  1.599999954748910E-009
  1.215316651944145E-014
 ityp, Vdivide0, max_growthrate(ityp):            2  1.599999954748910E-009
  1.195611227841874E-014
O2_maxrate, G_maxrate:    0.625E-10   0.130E-09
 did PlaceCells: Ncells:         1000
Startup procedures have been executed: initial T cell count:   1000
averages: V,dVdt,fg:    0.117E-08   0.121E-13
 
 GenerateSFlookup: ityp:            1
