OS is Windows
Executing with OpenMP
 inputfile:  M04.inp
 outputfile: M04_out.dat
ReadCellParams new
 ReadCellCycleParameters:
 ityp:            1
T_G1,T_S,T_G2,T_M, total:     5.53    7.69    4.98    0.50   18.70
 ityp:            2
T_G1,T_S,T_G2,T_M, total:     6.00    8.00    1.00    0.50   15.50
 Ndrugs_used:            0
 ReadProtocol
RADIATION                                                       
 nevents:            1
Finished reading input data
 Type 1 cells
 divide_time_median:    18.7000000000000        19.0000000000000     
 divide_time_shape:    1.10000000000000        1.10000000000000     
shape, sigma:   0.1100E+01  0.1100E+01  0.9531E-01  0.9531E-01
Median, mean divide time:   0.1870E+02  0.1900E+02  0.1879E+02  0.1909E+02
 Vdivide0:   1.599999954748910E-009  medium_volume0:   0.200000000000000     
 
GUI version: GUI2.2      
DLL version: DLL2.2      
 
 Opened M04_out.dat
nsteps, NT_CONC, DELTA_T:   1152     1  600.
NT_DISPLAY, DT_DISPLAY:      2 1200.
did ReadCellParams
 ncpu:            1
OPENMP defined
Requested Mnodes:  1
Machine processors:  8
Max threads available:  8
 Threads, max:            1           1
did omp_initialisation
 npar =            1        1234        5678
did deallocation
 Initial count, max_nlist:         1000      200000
did ArrayInitialisation
 SetupChemo
 ityp, Vdivide0, max_growthrate(ityp):            1  1.599999954748910E-009
  1.215316651944145E-014
 ityp, Vdivide0, max_growthrate(ityp):            2  1.599999954748910E-009
  1.195611227841874E-014
O2_maxrate, G_maxrate:    0.625E-10   0.130E-09
 did PlaceCells: Ncells:         1000
Startup procedures have been executed: initial T cell count:   1000
averages: V,dVdt,fg:    0.114E-08   0.122E-13   0.100E+01
 
 GenerateSFlookup: ityp:            1
istep, hour:      0   0 Nlive:     1000 Nviable:     1000 NPsurvive:        0
istep, hour:      6   1 Nlive:     1038 Nviable:     1038 NPsurvive:        0
istep, hour:     12   2 Nlive:     1077 Nviable:     1077 NPsurvive:        0
istep, hour:     18   3 Nlive:     1110 Nviable:     1110 NPsurvive:        0
istep, hour:     24   4 Nlive:     1152 Nviable:     1152 NPsurvive:        0
istep, hour:     30   5 Nlive:     1199 Nviable:     1199 NPsurvive:        0
Event:   2  21600.  21600.  0    0.0000    0.0000
RADIATION_EVENT: time, dose:   21600.   8.000
Radiation dose:    8.0
 Irradiation: Nirradiated:         1236
istep, hour:     36   6 Nlive:      902 Nviable:      902 NPsurvive:        0
istep, hour:     42   7 Nlive:      938 Nviable:      938 NPsurvive:       36
istep, hour:     48   8 Nlive:      938 Nviable:      938 NPsurvive:       36
istep, hour:     54   9 Nlive:      960 Nviable:      960 NPsurvive:       58
istep, hour:     60  10 Nlive:     1010 Nviable:     1010 NPsurvive:      108
istep, hour:     66  11 Nlive:     1061 Nviable:     1061 NPsurvive:      159
istep, hour:     72  12 Nlive:     1123 Nviable:     1123 NPsurvive:      221
istep, hour:     78  13 Nlive:     1176 Nviable:     1176 NPsurvive:      274
istep, hour:     84  14 Nlive:     1215 Nviable:     1215 NPsurvive:      313
istep, hour:     90  15 Nlive:     1253 Nviable:     1253 NPsurvive:      351
istep, hour:     96  16 Nlive:     1322 Nviable:     1322 NPsurvive:      420
istep, hour:    102  17 Nlive:     1371 Nviable:     1371 NPsurvive:      469
istep, hour:    108  18 Nlive:     1441 Nviable:     1441 NPsurvive:      539
istep, hour:    114  19 Nlive:     1511 Nviable:     1511 NPsurvive:      609
istep, hour:    120  20 Nlive:     1572 Nviable:     1572 NPsurvive:      670
istep, hour:    126  21 Nlive:     1643 Nviable:     1643 NPsurvive:      741
istep, hour:    132  22 Nlive:     1680 Nviable:     1680 NPsurvive:      778
istep, hour:    138  23 Nlive:     1707 Nviable:     1707 NPsurvive:      805
istep, hour:    144  24 Nlive:     1732 Nviable:     1732 NPsurvive:      830
istep, hour:    150  25 Nlive:     1765 Nviable:     1765 NPsurvive:      858
istep, hour:    156  26 Nlive:     1790 Nviable:     1790 NPsurvive:      877
istep, hour:    162  27 Nlive:     1815 Nviable:     1815 NPsurvive:      883
istep, hour:    168  28 Nlive:     1844 Nviable:     1844 NPsurvive:      895
istep, hour:    174  29 Nlive:     1892 Nviable:     1892 NPsurvive:      902
 NPsurvive = Nirradiated - Napop:          902        1236         334
SFave,log10(SFave):    0.366E-02 -2.4366
phase_dist:        15.0  15.8  42.5  26.7
nphase:
  0     343       0     430       0     210       0       0      17
  1     360       0     453       0     205       0       0      20
  2     383       0     453       0     223       0       0      18
  3     394       0     450       0     247       0       0      19
  4     413       0     465       0     258       0       0      16
  5     437       0     469       0     273       0       0      20
  6     450       0     481       0     281       0       0      24
  7     506       0     424      65     240      37       0       0
  8     482       0     380      68     239      87       0      16
  9     506       0     355      45     261     105       0      22
 10     582       0     319      70     232     110       0      31
 11     667       0     273      63     253     113       0      26
 12     748       0     253      63     287      78       0      28
 13     814       0     236      57     297      82       0      24
 14     862       0     219      47     292     115       0      14
 15     889       0     247      21     294     102       0      34
 16     931       0     321      22     257     101       0      24
 17     912       0     414      24     214     106       0      35
 18     934       0     504      28     178     100       0      31
 19     977       0     575      26     150      87       0      30
 20    1028       0     616      30     133      62       0      37
 21    1064       0     689      33     134      38       0      19
 22    1023       0     753      51     148      23       0      16
 23     959       0     818      53     170      30       0      11
 24     878       0     837     112     188      37       0      14
 25     804       0     890      87     278      22       0      18
 26     715       0     906     123     341      25       0      14
 27     663       0     908     100     421      47       0      10
 28     646       0     890      93     480      46       0      23
 29     686       0     851      95     498      74       0      22
terminate_run
doing wrapup ...
deallocated all arrays
closed files
freed par_zig
Execution time (min):       0.00
